<?xml version="1.0" encoding="UTF-8"?>
<testsuite xmlns:xsi="http://www.w3.org/2001/XMLSchema-instance" xsi:noNamespaceSchemaLocation="https://maven.apache.org/surefire/maven-failsafe-plugin/xsd/failsafe-test-report.xsd" name="io.github.joaomlneto.CalculatorServletTest" time="0.195" tests="1" errors="0" skipped="0" failures="0">
  <properties>
    <property name="java.specification.version" value="13"/>
    <property name="sun.jnu.encoding" value="UTF-8"/>
    <property name="java.class.path" value="/Users/joaomlneto/git/thrift-java-boilerplate/servlet/target/test-classes:/Users/joaomlneto/git/thrift-java-boilerplate/servlet/target/classes:/Users/joaomlneto/.m2/repository/io/github/joaomlneto/service-shared/1.0-SNAPSHOT/service-shared-1.0-SNAPSHOT.jar:/Users/joaomlneto/.m2/repository/org/apache/thrift/thrift-maven-plugin/0.10.0/thrift-maven-plugin-0.10.0.jar:/Users/joaomlneto/.m2/repository/org/apache/maven/maven-plugin-api/3.1.0/maven-plugin-api-3.1.0.jar:/Users/joaomlneto/.m2/repository/org/apache/maven/maven-model/3.1.0/maven-model-3.1.0.jar:/Users/joaomlneto/.m2/repository/org/apache/maven/maven-artifact/3.1.0/maven-artifact-3.1.0.jar:/Users/joaomlneto/.m2/repository/org/eclipse/sisu/org.eclipse.sisu.plexus/0.0.0.M2a/org.eclipse.sisu.plexus-0.0.0.M2a.jar:/Users/joaomlneto/.m2/repository/javax/enterprise/cdi-api/1.0/cdi-api-1.0.jar:/Users/joaomlneto/.m2/repository/javax/annotation/jsr250-api/1.0/jsr250-api-1.0.jar:/Users/joaomlneto/.m2/repository/javax/inject/javax.inject/1/javax.inject-1.jar:/Users/joaomlneto/.m2/repository/org/sonatype/sisu/sisu-guice/3.1.0/sisu-guice-3.1.0-no_aop.jar:/Users/joaomlneto/.m2/repository/aopalliance/aopalliance/1.0/aopalliance-1.0.jar:/Users/joaomlneto/.m2/repository/org/eclipse/sisu/org.eclipse.sisu.inject/0.0.0.M2a/org.eclipse.sisu.inject-0.0.0.M2a.jar:/Users/joaomlneto/.m2/repository/asm/asm/3.3.1/asm-3.3.1.jar:/Users/joaomlneto/.m2/repository/org/codehaus/plexus/plexus-component-annotations/1.5.5/plexus-component-annotations-1.5.5.jar:/Users/joaomlneto/.m2/repository/org/codehaus/plexus/plexus-classworlds/2.4/plexus-classworlds-2.4.jar:/Users/joaomlneto/.m2/repository/org/apache/maven/maven-project/2.2.1/maven-project-2.2.1.jar:/Users/joaomlneto/.m2/repository/org/apache/maven/maven-settings/2.2.1/maven-settings-2.2.1.jar:/Users/joaomlneto/.m2/repository/org/apache/maven/maven-profile/2.2.1/maven-profile-2.2.1.jar:/Users/joaomlneto/.m2/repository/org/apache/maven/maven-artifact-manager/2.2.1/maven-artifact-manager-2.2.1.jar:/Users/joaomlneto/.m2/repository/org/apache/maven/maven-repository-metadata/2.2.1/maven-repository-metadata-2.2.1.jar:/Users/joaomlneto/.m2/repository/org/apache/maven/wagon/wagon-provider-api/1.0-beta-6/wagon-provider-api-1.0-beta-6.jar:/Users/joaomlneto/.m2/repository/backport-util-concurrent/backport-util-concurrent/3.1/backport-util-concurrent-3.1.jar:/Users/joaomlneto/.m2/repository/org/apache/maven/maven-plugin-registry/2.2.1/maven-plugin-registry-2.2.1.jar:/Users/joaomlneto/.m2/repository/org/codehaus/plexus/plexus-interpolation/1.11/plexus-interpolation-1.11.jar:/Users/joaomlneto/.m2/repository/org/codehaus/plexus/plexus-container-default/1.0-alpha-9-stable-1/plexus-container-default-1.0-alpha-9-stable-1.jar:/Users/joaomlneto/.m2/repository/classworlds/classworlds/1.1-alpha-2/classworlds-1.1-alpha-2.jar:/Users/joaomlneto/.m2/repository/com/google/guava/guava/14.0.1/guava-14.0.1.jar:/Users/joaomlneto/.m2/repository/org/codehaus/plexus/plexus-utils/3.0.14/plexus-utils-3.0.14.jar:/Users/joaomlneto/.m2/repository/org/apache/thrift/libthrift/0.12.0/libthrift-0.12.0.jar:/Users/joaomlneto/.m2/repository/org/slf4j/slf4j-api/1.7.25/slf4j-api-1.7.25.jar:/Users/joaomlneto/.m2/repository/org/apache/httpcomponents/httpclient/4.5.6/httpclient-4.5.6.jar:/Users/joaomlneto/.m2/repository/commons-logging/commons-logging/1.2/commons-logging-1.2.jar:/Users/joaomlneto/.m2/repository/commons-codec/commons-codec/1.10/commons-codec-1.10.jar:/Users/joaomlneto/.m2/repository/org/apache/httpcomponents/httpcore/4.4.1/httpcore-4.4.1.jar:/Users/joaomlneto/git/thrift-java-boilerplate/service-handler/target/service-handler-1.0-SNAPSHOT.jar:/Users/joaomlneto/git/thrift-java-boilerplate/service-interface/target/service-interface-1.0-SNAPSHOT.jar:/Users/joaomlneto/git/thrift-java-boilerplate/client/target/client-1.0-SNAPSHOT.jar:/Users/joaomlneto/.m2/repository/javax/servlet/javax.servlet-api/4.0.1/javax.servlet-api-4.0.1.jar:/Users/joaomlneto/.m2/repository/javax/servlet/jsp/javax.servlet.jsp-api/2.3.3/javax.servlet.jsp-api-2.3.3.jar:/Users/joaomlneto/.m2/repository/javax/servlet/jstl/1.2/jstl-1.2.jar:/Users/joaomlneto/.m2/repository/junit/junit/4.11/junit-4.11.jar:/Users/joaomlneto/.m2/repository/org/hamcrest/hamcrest-core/1.3/hamcrest-core-1.3.jar:"/>
    <property name="java.vm.vendor" value="Oracle Corporation"/>
    <property name="sun.arch.data.model" value="64"/>
    <property name="java.vendor.url" value="https://java.oracle.com/"/>
    <property name="os.name" value="Mac OS X"/>
    <property name="java.vm.specification.version" value="13"/>
    <property name="sun.java.launcher" value="SUN_STANDARD"/>
    <property name="user.country" value="PT"/>
    <property name="sun.boot.library.path" value="/Library/Java/JavaVirtualMachines/jdk-13.jdk/Contents/Home/lib"/>
    <property name="sun.java.command" value="/Users/joaomlneto/git/thrift-java-boilerplate/servlet/target/surefire/surefirebooter4482116316351850122.jar /Users/joaomlneto/git/thrift-java-boilerplate/servlet/target/surefire 2019-10-11T16-57-58_991-jvmRun1 surefire6090719195173678046tmp surefire_013077370870951499246tmp"/>
    <property name="http.nonProxyHosts" value="local|*.local|169.254/16|*.169.254/16"/>
    <property name="jdk.debug" value="release"/>
    <property name="surefire.test.class.path" value="/Users/joaomlneto/git/thrift-java-boilerplate/servlet/target/test-classes:/Users/joaomlneto/git/thrift-java-boilerplate/servlet/target/classes:/Users/joaomlneto/.m2/repository/io/github/joaomlneto/service-shared/1.0-SNAPSHOT/service-shared-1.0-SNAPSHOT.jar:/Users/joaomlneto/.m2/repository/org/apache/thrift/thrift-maven-plugin/0.10.0/thrift-maven-plugin-0.10.0.jar:/Users/joaomlneto/.m2/repository/org/apache/maven/maven-plugin-api/3.1.0/maven-plugin-api-3.1.0.jar:/Users/joaomlneto/.m2/repository/org/apache/maven/maven-model/3.1.0/maven-model-3.1.0.jar:/Users/joaomlneto/.m2/repository/org/apache/maven/maven-artifact/3.1.0/maven-artifact-3.1.0.jar:/Users/joaomlneto/.m2/repository/org/eclipse/sisu/org.eclipse.sisu.plexus/0.0.0.M2a/org.eclipse.sisu.plexus-0.0.0.M2a.jar:/Users/joaomlneto/.m2/repository/javax/enterprise/cdi-api/1.0/cdi-api-1.0.jar:/Users/joaomlneto/.m2/repository/javax/annotation/jsr250-api/1.0/jsr250-api-1.0.jar:/Users/joaomlneto/.m2/repository/javax/inject/javax.inject/1/javax.inject-1.jar:/Users/joaomlneto/.m2/repository/org/sonatype/sisu/sisu-guice/3.1.0/sisu-guice-3.1.0-no_aop.jar:/Users/joaomlneto/.m2/repository/aopalliance/aopalliance/1.0/aopalliance-1.0.jar:/Users/joaomlneto/.m2/repository/org/eclipse/sisu/org.eclipse.sisu.inject/0.0.0.M2a/org.eclipse.sisu.inject-0.0.0.M2a.jar:/Users/joaomlneto/.m2/repository/asm/asm/3.3.1/asm-3.3.1.jar:/Users/joaomlneto/.m2/repository/org/codehaus/plexus/plexus-component-annotations/1.5.5/plexus-component-annotations-1.5.5.jar:/Users/joaomlneto/.m2/repository/org/codehaus/plexus/plexus-classworlds/2.4/plexus-classworlds-2.4.jar:/Users/joaomlneto/.m2/repository/org/apache/maven/maven-project/2.2.1/maven-project-2.2.1.jar:/Users/joaomlneto/.m2/repository/org/apache/maven/maven-settings/2.2.1/maven-settings-2.2.1.jar:/Users/joaomlneto/.m2/repository/org/apache/maven/maven-profile/2.2.1/maven-profile-2.2.1.jar:/Users/joaomlneto/.m2/repository/org/apache/maven/maven-artifact-manager/2.2.1/maven-artifact-manager-2.2.1.jar:/Users/joaomlneto/.m2/repository/org/apache/maven/maven-repository-metadata/2.2.1/maven-repository-metadata-2.2.1.jar:/Users/joaomlneto/.m2/repository/org/apache/maven/wagon/wagon-provider-api/1.0-beta-6/wagon-provider-api-1.0-beta-6.jar:/Users/joaomlneto/.m2/repository/backport-util-concurrent/backport-util-concurrent/3.1/backport-util-concurrent-3.1.jar:/Users/joaomlneto/.m2/repository/org/apache/maven/maven-plugin-registry/2.2.1/maven-plugin-registry-2.2.1.jar:/Users/joaomlneto/.m2/repository/org/codehaus/plexus/plexus-interpolation/1.11/plexus-interpolation-1.11.jar:/Users/joaomlneto/.m2/repository/org/codehaus/plexus/plexus-container-default/1.0-alpha-9-stable-1/plexus-container-default-1.0-alpha-9-stable-1.jar:/Users/joaomlneto/.m2/repository/classworlds/classworlds/1.1-alpha-2/classworlds-1.1-alpha-2.jar:/Users/joaomlneto/.m2/repository/com/google/guava/guava/14.0.1/guava-14.0.1.jar:/Users/joaomlneto/.m2/repository/org/codehaus/plexus/plexus-utils/3.0.14/plexus-utils-3.0.14.jar:/Users/joaomlneto/.m2/repository/org/apache/thrift/libthrift/0.12.0/libthrift-0.12.0.jar:/Users/joaomlneto/.m2/repository/org/slf4j/slf4j-api/1.7.25/slf4j-api-1.7.25.jar:/Users/joaomlneto/.m2/repository/org/apache/httpcomponents/httpclient/4.5.6/httpclient-4.5.6.jar:/Users/joaomlneto/.m2/repository/commons-logging/commons-logging/1.2/commons-logging-1.2.jar:/Users/joaomlneto/.m2/repository/commons-codec/commons-codec/1.10/commons-codec-1.10.jar:/Users/joaomlneto/.m2/repository/org/apache/httpcomponents/httpcore/4.4.1/httpcore-4.4.1.jar:/Users/joaomlneto/git/thrift-java-boilerplate/service-handler/target/service-handler-1.0-SNAPSHOT.jar:/Users/joaomlneto/git/thrift-java-boilerplate/service-interface/target/service-interface-1.0-SNAPSHOT.jar:/Users/joaomlneto/git/thrift-java-boilerplate/client/target/client-1.0-SNAPSHOT.jar:/Users/joaomlneto/.m2/repository/javax/servlet/javax.servlet-api/4.0.1/javax.servlet-api-4.0.1.jar:/Users/joaomlneto/.m2/repository/javax/servlet/jsp/javax.servlet.jsp-api/2.3.3/javax.servlet.jsp-api-2.3.3.jar:/Users/joaomlneto/.m2/repository/javax/servlet/jstl/1.2/jstl-1.2.jar:/Users/joaomlneto/.m2/repository/junit/junit/4.11/junit-4.11.jar:/Users/joaomlneto/.m2/repository/org/hamcrest/hamcrest-core/1.3/hamcrest-core-1.3.jar:"/>
    <property name="sun.cpu.endian" value="little"/>
    <property name="user.home" value="/Users/joaomlneto"/>
    <property name="user.language" value="en"/>
    <property name="java.specification.vendor" value="Oracle Corporation"/>
    <property name="java.version.date" value="2019-09-17"/>
    <property name="java.home" value="/Library/Java/JavaVirtualMachines/jdk-13.jdk/Contents/Home"/>
    <property name="file.separator" value="/"/>
    <property name="basedir" value="/Users/joaomlneto/git/thrift-java-boilerplate/servlet"/>
    <property name="java.vm.compressedOopsMode" value="Zero based"/>
    <property name="line.separator" value="&#10;"/>
    <property name="java.specification.name" value="Java Platform API Specification"/>
    <property name="java.vm.specification.vendor" value="Oracle Corporation"/>
    <property name="surefire.real.class.path" value="/Users/joaomlneto/git/thrift-java-boilerplate/servlet/target/surefire/surefirebooter4482116316351850122.jar"/>
    <property name="sun.management.compiler" value="HotSpot 64-Bit Tiered Compilers"/>
    <property name="ftp.nonProxyHosts" value="local|*.local|169.254/16|*.169.254/16"/>
    <property name="java.runtime.version" value="13+33"/>
    <property name="user.name" value="joaomlneto"/>
    <property name="path.separator" value=":"/>
    <property name="os.version" value="10.15"/>
    <property name="java.runtime.name" value="Java(TM) SE Runtime Environment"/>
    <property name="file.encoding" value="UTF-8"/>
    <property name="java.vm.name" value="Java HotSpot(TM) 64-Bit Server VM"/>
    <property name="localRepository" value="/Users/joaomlneto/.m2/repository"/>
    <property name="java.vendor.url.bug" value="https://bugreport.java.com/bugreport/"/>
    <property name="java.io.tmpdir" value="/var/folders/qb/fsfkwj091t1dspq1_0h21drr0000gn/T/"/>
    <property name="java.version" value="13"/>
    <property name="user.dir" value="/Users/joaomlneto/git/thrift-java-boilerplate/servlet"/>
    <property name="os.arch" value="x86_64"/>
    <property name="java.vm.specification.name" value="Java Virtual Machine Specification"/>
    <property name="java.library.path" value="/Users/joaomlneto/Library/Java/Extensions:/Library/Java/Extensions:/Network/Library/Java/Extensions:/System/Library/Java/Extensions:/usr/lib/java:."/>
    <property name="java.vm.info" value="mixed mode, sharing"/>
    <property name="java.vendor" value="Oracle Corporation"/>
    <property name="java.vm.version" value="13+33"/>
    <property name="sun.io.unicode.encoding" value="UnicodeBig"/>
    <property name="socksNonProxyHosts" value="local|*.local|169.254/16|*.169.254/16"/>
    <property name="java.class.version" value="57.0"/>
  </properties>
  <testcase name="testAdd" classname="io.github.joaomlneto.CalculatorServletTest" time="0.153"/>
</testsuite>